  client.c
C:\Users\khj\Desktop\socket 제출용\socketclient\client.c(23,32): error C4996: 'inet_addr': Use inet_pton() or InetPton() instead or define _WINSOCK_DEPRECATED_NO_WARNINGS to disable deprecated API warnings
  common.c
C:\Users\khj\Desktop\socket 제출용\socketclient\common.c(9,17): error C4996: 'gethostbyname': Use getaddrinfo() or GetAddrInfoW() instead or define _WINSOCK_DEPRECATED_NO_WARNINGS to disable deprecated API warnings

프로젝트 성능 요약:
      649ms  C:\Users\khj\Desktop\socket 제출용\socketclient\socketclient.vcxproj   1회 호출
                649ms  Build                                      1회 호출

대상 성능 요약:
        0ms  PreBuildEvent                              1회 호출
        0ms  BuildGenerateSourcesTraverse               1회 호출
        0ms  BeforeBuildGenerateSources                 1회 호출
        0ms  SelectClCompile                            1회 호출
        0ms  _SelectedFiles                             1회 호출
        0ms  SelectCustomBuild                          1회 호출
        0ms  ComputeCustomBuildOutput                   1회 호출
        0ms  CopyFileToFolders                          1회 호출
        0ms  _Xsd                                       1회 호출
        0ms  GetReferencedVCProjectsInfo                1회 호출
        0ms  MakeDirsForMidl                            1회 호출
        0ms  AfterMidl                                  1회 호출
        0ms  _Midl                                      1회 호출
        0ms  AfterBuildGenerateSources                  1회 호출
        0ms  AfterBuildGenerateSourcesEvent             1회 호출
        0ms  _BuildGenerateSourcesAction                1회 호출
        0ms  BuildGenerateSources                       1회 호출
        0ms  BuildCompileTraverse                       1회 호출
        0ms  BeforeClCompile                            1회 호출
        0ms  ComputeMIDLGeneratedCompileInputs          1회 호출
        0ms  ComputeCLInputPDBName                      1회 호출
        0ms  ResolveReferences                          1회 호출
        0ms  ResolveAssemblyReferences                  1회 호출
        0ms  _PrepareForBuild                           1회 호출
        0ms  _PrepareForReferenceResolution             1회 호출
        0ms  BeforeResolveReferences                    1회 호출
        0ms  AssignProjectConfiguration                 1회 호출
        0ms  _SplitProjectReferencesByFileExistence     1회 호출
        0ms  MakeDirsForCl                              1회 호출
        0ms  PrepareProjectReferences                   1회 호출
        0ms  ResolveProjectReferences                   1회 호출
        0ms  AfterResolveReferences                     1회 호출
        0ms  GetFrameworkPaths                          1회 호출
        0ms  FixupCLCompileOptions                      1회 호출
        0ms  GetResolvedWinMD                           1회 호출
        0ms  _CheckWindowsSDKInstalled                  1회 호출
        0ms  SetCABuildNativeEnvironmentVariables       1회 호출
        0ms  WarnCompileDuplicatedFilename              1회 호출
        0ms  ResolveSDKReferences                       1회 호출
        0ms  ExpandSDKReferences                        1회 호출
        0ms  GetReferenceAssemblyPaths                  1회 호출
        0ms  FindReferenceAssembliesForReferences       1회 호출
        1ms  CustomBuild                                1회 호출
        1ms  SetTelemetryEnvironmentVariables           1회 호출
        1ms  _CheckForInvalidConfigurationAndPlatform   1회 호출
        1ms  SetBuildDefaultEnvironmentVariables        1회 호출
        1ms  ComputeReferenceCLInput                    1회 호출
        2ms  InitializeBuildStatus                      1회 호출
        2ms  PrepareForBuild                            1회 호출
        3ms  _GetProjectReferenceTargetFrameworkProperties   1회 호출
      637ms  ClCompile                                  1회 호출

작업 성능 요약:
        0ms  Message                                    2회 호출
        0ms  AssignProjectConfiguration                 1회 호출
        0ms  MakeDir                                    5회 호출
        0ms  CheckVCToolsetVersion                      1회 호출
        0ms  ReadLinesFromFile                          1회 호출
        0ms  WriteLinesToFile                           1회 호출
        1ms  GetOutOfDateItems                          3회 호출
        1ms  Touch                                      1회 호출
        2ms  SetEnv                                     8회 호출
        3ms  MSBuild                                    1회 호출
      636ms  CL                                         1회 호출
