  common.c
C:\Users\khj\Desktop\socket 제출용\socket\common.c(9,17): error C4996: 'gethostbyname': Use getaddrinfo() or GetAddrInfoW() instead or define _WINSOCK_DEPRECATED_NO_WARNINGS to disable deprecated API warnings
  server.c
C:\Users\khj\Desktop\socket 제출용\socket\server.c(13,15): error C4996: 'strcpy': This function or variable may be unsafe. Consider using strcpy_s instead. To disable deprecation, use _CRT_SECURE_NO_WARNINGS. See online help for details.
C:\Users\khj\Desktop\socket 제출용\socket\server.c(110,5): error C4996: 'sprintf': This function or variable may be unsafe. Consider using sprintf_s instead. To disable deprecation, use _CRT_SECURE_NO_WARNINGS. See online help for details.
C:\Users\khj\Desktop\socket 제출용\socket\server.c(125,15): warning C4013: 'Remove'이(가) 정의되지 않았습니다. extern은 int형을 반환하는 것으로 간주합니다.
C:\Users\khj\Desktop\socket 제출용\socket\server.c(127,15): error C4996: 'strcpy': This function or variable may be unsafe. Consider using strcpy_s instead. To disable deprecation, use _CRT_SECURE_NO_WARNINGS. See online help for details.
C:\Users\khj\Desktop\socket 제출용\socket\server.c(129,9): error C4996: 'sprintf': This function or variable may be unsafe. Consider using sprintf_s instead. To disable deprecation, use _CRT_SECURE_NO_WARNINGS. See online help for details.
C:\Users\khj\Desktop\socket 제출용\socket\server.c(141,13): error C4996: 'sprintf': This function or variable may be unsafe. Consider using sprintf_s instead. To disable deprecation, use _CRT_SECURE_NO_WARNINGS. See online help for details.
C:\Users\khj\Desktop\socket 제출용\socket\server.c(151,9): error C4996: 'sprintf': This function or variable may be unsafe. Consider using sprintf_s instead. To disable deprecation, use _CRT_SECURE_NO_WARNINGS. See online help for details.
C:\Users\khj\Desktop\socket 제출용\socket\server.c(175,5): error C4996: 'sprintf': This function or variable may be unsafe. Consider using sprintf_s instead. To disable deprecation, use _CRT_SECURE_NO_WARNINGS. See online help for details.

프로젝트 성능 요약:
      832ms  C:\Users\khj\Desktop\socket 제출용\socket\socket.vcxproj   1회 호출
                832ms  Build                                      1회 호출

대상 성능 요약:
        0ms  PreBuildEvent                              1회 호출
        0ms  FindReferenceAssembliesForReferences       1회 호출
        0ms  BuildGenerateSourcesTraverse               1회 호출
        0ms  BeforeBuildGenerateSources                 1회 호출
        0ms  SelectClCompile                            1회 호출
        0ms  _SelectedFiles                             1회 호출
        0ms  SelectCustomBuild                          1회 호출
        0ms  CustomBuild                                1회 호출
        0ms  ComputeCLInputPDBName                      1회 호출
        0ms  _Xsd                                       1회 호출
        0ms  MakeDirsForMidl                            1회 호출
        0ms  ComputeMIDLGeneratedCompileInputs          1회 호출
        0ms  AfterMidl                                  1회 호출
        0ms  _Midl                                      1회 호출
        0ms  AfterBuildGenerateSources                  1회 호출
        0ms  AfterBuildGenerateSourcesEvent             1회 호출
        0ms  _BuildGenerateSourcesAction                1회 호출
        0ms  BuildGenerateSources                       1회 호출
        0ms  ResolveReferences                          1회 호출
        0ms  BuildCompileTraverse                       1회 호출
        0ms  AfterResolveReferences                     1회 호출
        0ms  ExpandSDKReferences                        1회 호출
        0ms  MakeDirsForCl                              1회 호출
        0ms  _PrepareForBuild                           1회 호출
        0ms  _PrepareForReferenceResolution             1회 호출
        0ms  BeforeResolveReferences                    1회 호출
        0ms  AssignProjectConfiguration                 1회 호출
        0ms  _SplitProjectReferencesByFileExistence     1회 호출
        0ms  _GetProjectReferenceTargetFrameworkProperties   1회 호출
        0ms  PrepareProjectReferences                   1회 호출
        0ms  ResolveAssemblyReferences                  1회 호출
        0ms  FixupCLCompileOptions                      1회 호출
        0ms  GetReferenceAssemblyPaths                  1회 호출
        0ms  ComputeReferenceCLInput                    1회 호출
        0ms  GetResolvedWinMD                           1회 호출
        0ms  _CheckWindowsSDKInstalled                  1회 호출
        0ms  SetCABuildNativeEnvironmentVariables       1회 호출
        0ms  GetReferencedVCProjectsInfo                1회 호출
        0ms  ResolveSDKReferences                       1회 호출
        0ms  GetFrameworkPaths                          1회 호출
        0ms  BeforeClCompile                            1회 호출
        1ms  ComputeCustomBuildOutput                   1회 호출
        1ms  _CheckForInvalidConfigurationAndPlatform   1회 호출
        1ms  SetBuildDefaultEnvironmentVariables        1회 호출
        1ms  CopyFileToFolders                          1회 호출
        1ms  WarnCompileDuplicatedFilename              1회 호출
        1ms  SetTelemetryEnvironmentVariables           1회 호출
        4ms  ResolveProjectReferences                   1회 호출
        4ms  InitializeBuildStatus                      1회 호출
        4ms  PrepareForBuild                            1회 호출
      814ms  ClCompile                                  1회 호출

작업 성능 요약:
        0ms  Message                                    2회 호출
        0ms  AssignProjectConfiguration                 1회 호출
        0ms  MSBuild                                    1회 호출
        0ms  MakeDir                                    5회 호출
        0ms  WriteLinesToFile                           1회 호출
        1ms  GetOutOfDateItems                          3회 호출
        1ms  CheckVCToolsetVersion                      1회 호출
        1ms  Touch                                      1회 호출
        2ms  SetEnv                                     8회 호출
        3ms  ReadLinesFromFile                          1회 호출
      813ms  CL                                         1회 호출
